Build started 2012-03-10 16:40:18.
     1>Project "C:\Users\Hampus\Downloads\SPII\SPIIBase\SPIIBase.vcxproj" on node 2 (build target(s)).
     1>C:\Program Files\MSBuild\Microsoft.Cpp\v4.0\Microsoft.CppBuild.targets(299,5): warning MSB8004: Output Directory does not end with a trailing slash.  This build instance will add the slash as it is required to allow proper evaluation of the Output Directory.
     1>InitializeBuildStatus:
         Creating "..\build\SPIIBase\Debug\SPIIBase.unsuccessfulbuild" because "AlwaysCreate" was specified.
       ClCompile:
         All outputs are up-to-date.
         C:\Program Files\Microsoft Visual Studio 10.0\VC\bin\CL.exe /c /I../include /ZI /nologo /W3 /WX- /Od /Oy- /D WIN32 /D _DEBUG /D _CONSOLE /D _MBCS /Gm /EHsc /RTC1 /MDd /GS /fp:precise /Zc:wchar_t /Zc:forScope /Yu"StdAfx.h" /Fp"..\build\SPIIBase\Debug\SPIIBase_d.pch" /Fo"..\build\SPIIBase\Debug\\" /Fd"..\build\SPIIBase\Debug\vc100.pdb" /Gd /TP /analyze- /errorReport:prompt CameraComponent.cpp
         CameraComponent.cpp
     1>c:\users\hampus\downloads\spii\spiibase\imessage.h(16): warning C4114: same type qualifier used more than once
     1>c:\users\hampus\downloads\spii\spiibase\cameracomponent.cpp(54): warning C4305: 'argument' : truncation from 'double' to 'f32'
       ManifestResourceCompile:
         All outputs are up-to-date.
       Link:
         C:\Program Files\Microsoft Visual Studio 10.0\VC\bin\link.exe /ERRORREPORT:PROMPT /OUT:"..\bin\SPIIBase_d.exe" /INCREMENTAL /NOLOGO /LIBPATH:../lib/x86/ kernel32.lib user32.lib gdi32.lib winspool.lib comdlg32.lib advapi32.lib shell32.lib ole32.lib oleaut32.lib uuid.lib odbc32.lib odbccp32.lib /MANIFEST /ManifestFile:"..\build\SPIIBase\Debug\SPIIBase_d.exe.intermediate.manifest" /MANIFESTUAC:"level='asInvoker' uiAccess='false'" /DEBUG /PDB:"C:\Users\Hampus\Downloads\SPII\bin\SPIIBase_d.pdb" /SUBSYSTEM:CONSOLE /TLBID:1 /DYNAMICBASE /NXCOMPAT /IMPLIB:"..\bin\SPIIBase_d.lib" /MACHINE:X86 ..\build\SPIIBase\Debug\SPIIBase_d.exe.embed.manifest.res
         ..\build\SPIIBase\Debug\Application.obj
         ..\build\SPIIBase\Debug\Camera.obj
         ..\build\SPIIBase\Debug\CameraComponent.obj
         ..\build\SPIIBase\Debug\Entity.obj
         ..\build\SPIIBase\Debug\EntityManager.obj
         ..\build\SPIIBase\Debug\GameApp.obj
         ..\build\SPIIBase\Debug\InputComponent.obj
         ..\build\SPIIBase\Debug\InputSystem.obj
         ..\build\SPIIBase\Debug\InputSystemPrereq.obj
         ..\build\SPIIBase\Debug\main.obj
         ..\build\SPIIBase\Debug\Mesh.obj
         ..\build\SPIIBase\Debug\MeshUtils.obj
         ..\build\SPIIBase\Debug\MessageSystem.obj
         ..\build\SPIIBase\Debug\MoveComponent.obj
         ..\build\SPIIBase\Debug\ObjParser.obj
         ..\build\SPIIBase\Debug\RendeNodeManager.obj
         ..\build\SPIIBase\Debug\RenderNode.obj
         ..\build\SPIIBase\Debug\RenderSystem.obj
         ..\build\SPIIBase\Debug\RenderSystemPrereq.obj
         ..\build\SPIIBase\Debug\RenderWindow.obj
         ..\build\SPIIBase\Debug\spiiMath.obj
         ..\build\SPIIBase\Debug\stdafx.obj
         ..\build\SPIIBase\Debug\SystemUtils.obj
         ..\build\SPIIBase\Debug\Texture.obj
       Manifest:
         C:\Program Files\Microsoft SDKs\Windows\v7.0A\bin\mt.exe /nologo /verbose /out:"..\build\SPIIBase\Debug\SPIIBase_d.exe.embed.manifest" /manifest ..\build\SPIIBase\Debug\SPIIBase_d.exe.intermediate.manifest
         All outputs are up-to-date.
       LinkEmbedManifest:
         All outputs are up-to-date.
         SPIIBase.vcxproj -> C:\Users\Hampus\Downloads\SPII\SPIIBase\..\bin\SPIIBase_d.exe
       FinalizeBuildStatus:
         Deleting file "..\build\SPIIBase\Debug\SPIIBase.unsuccessfulbuild".
         Touching "..\build\SPIIBase\Debug\SPIIBase.lastbuildstate".
     1>Done Building Project "C:\Users\Hampus\Downloads\SPII\SPIIBase\SPIIBase.vcxproj" (build target(s)).

Build succeeded.

Time Elapsed 00:00:01.48
